<?xml version="1.0" encoding="UTF-8"?>
<!-- Generated by org.testng.reporters.JUnitReportReporter -->
<testsuite skipped="0" hostname="krish" name="testngannotations.c1" tests="2" failures="0" timestamp="2023-02-21T18:56:37 IST" time="3.125" errors="0">
  <testcase name="t2" time="2.188" classname="testngannotations.c1"/>
  <system-out/>
  <testcase name="t1" time="0.937" classname="testngannotations.c1"/>
  <system-out/>
</testsuite> <!-- testngannotations.c1 -->
