<?xml version="1.0" encoding="UTF-8"?>
<!-- Generated by org.testng.reporters.JUnitReportReporter -->
<testsuite skipped="0" hostname="krish" name="testngwait.c2" tests="1" failures="0" timestamp="2023-02-23T19:02:39 IST" time="4.111" errors="0">
  <testcase name="bt" time="4.111" classname="testngwait.c2"/>
  <system-out/>
</testsuite> <!-- testngwait.c2 -->
