<?xml version="1.0" encoding="UTF-8"?>
<!-- Generated by org.testng.reporters.JUnitReportReporter -->
<testsuite skipped="1" hostname="krish" name="Testngattributes.t1" tests="2" failures="0" timestamp="2023-02-20T18:47:11 IST" time="0.001" errors="0">
  <testcase name="ab" time="0.001" classname="Testngattributes.t1"/>
  <system-out/>
  <testcase name="t2" classname="Testngattributes.t1">
    <skipped/>
  </testcase> <!-- t2 -->
  <system-out/>
</testsuite> <!-- Testngattributes.t1 -->
