<?xml version="1.0" encoding="UTF-8"?>
<!-- Generated by org.testng.reporters.JUnitReportReporter -->
<testsuite skipped="0" hostname="krish" name="testngdataprivider.t1" tests="3" failures="0" timestamp="2023-02-24T18:50:46 IST" time="23.827" errors="0">
  <testcase name="DataProvSampleTest" time="7.110" classname="testngdataprivider.t1"/>
  <system-out/>
  <testcase name="DataProvSampleTest" time="10.198" classname="testngdataprivider.t1"/>
  <system-out/>
  <testcase name="DataProvSampleTest" time="6.519" classname="testngdataprivider.t1"/>
  <system-out/>
</testsuite> <!-- testngdataprivider.t1 -->
