<?xml version="1.0" encoding="UTF-8"?>
<!-- Generated by org.testng.reporters.JUnitReportReporter -->
<testsuite skipped="0" hostname="krish" name="testngdependency.real" tests="7" failures="0" timestamp="2023-02-20T18:52:28 IST" time="11.069" errors="0">
  <testcase name="visitingg" time="4.014" classname="testngdependency.real"/>
  <system-out/>
  <testcase name="max" time="0.138" classname="testngdependency.real"/>
  <system-out/>
  <testcase name="refresh" time="0.021" classname="testngdependency.real"/>
  <system-out/>
  <testcase name="refresh" time="0.723" classname="testngdependency.real"/>
  <system-out/>
  <testcase name="refresh" time="0.647" classname="testngdependency.real"/>
  <system-out/>
  <testcase name="clicking" time="2.773" classname="testngdependency.real"/>
  <system-out/>
  <testcase name="quit" time="2.753" classname="testngdependency.real"/>
  <system-out/>
</testsuite> <!-- testngdependency.real -->
